c:\users\pc\pictures\adventure\adventure\debug\vc142.pdb
c:\users\pc\pictures\adventure\adventure\debug\vc142.idb
c:\users\pc\pictures\adventure\adventure\debug\adventure.obj
c:\users\pc\pictures\adventure\adventure\debug\adventures.obj
c:\users\pc\pictures\adventure\debug\adventure.pdb
c:\users\pc\pictures\adventure\adventure\debug\adventure.tlog\cl.command.1.tlog
c:\users\pc\pictures\adventure\adventure\debug\adventure.tlog\cl.read.1.tlog
c:\users\pc\pictures\adventure\adventure\debug\adventure.tlog\cl.write.1.tlog
c:\users\pc\pictures\adventure\adventure\debug\adventure.tlog\link-cvtres.read.1.tlog
c:\users\pc\pictures\adventure\adventure\debug\adventure.tlog\link-cvtres.write.1.tlog
c:\users\pc\pictures\adventure\adventure\debug\adventure.tlog\link-rc.read.1.tlog
c:\users\pc\pictures\adventure\adventure\debug\adventure.tlog\link-rc.write.1.tlog
c:\users\pc\pictures\adventure\adventure\debug\adventure.tlog\link.26720-cvtres.read.1.tlog
c:\users\pc\pictures\adventure\adventure\debug\adventure.tlog\link.26720-cvtres.write.1.tlog
c:\users\pc\pictures\adventure\adventure\debug\adventure.tlog\link.26720-rc.read.1.tlog
c:\users\pc\pictures\adventure\adventure\debug\adventure.tlog\link.26720-rc.write.1.tlog
c:\users\pc\pictures\adventure\adventure\debug\adventure.tlog\link.26720.read.1.tlog
c:\users\pc\pictures\adventure\adventure\debug\adventure.tlog\link.26720.write.1.tlog
c:\users\pc\pictures\adventure\adventure\debug\adventure.tlog\link.command.1.tlog
c:\users\pc\pictures\adventure\adventure\debug\adventure.tlog\link.read.1.tlog
c:\users\pc\pictures\adventure\adventure\debug\adventure.tlog\link.write.1.tlog
